22/06/2021 10:41:31	This log contains information about the import schema operation into project 'ControleTarefasDB' on computer 'HAKA-PC' by user 'Carlos'.
22/06/2021 10:41:31	Import of database schema has started.
22/06/2021 10:41:34	Gathering error messages
22/06/2021 10:41:34	Gathering cryptographic providers
22/06/2021 10:41:34	Gathering credentials
22/06/2021 10:41:34	Gathering logins
22/06/2021 10:41:34	Gathering server roles
22/06/2021 10:41:34	Gathering server role memberships
22/06/2021 10:41:34	Gathering linked servers
22/06/2021 10:41:34	Gathering linked server logins
22/06/2021 10:41:34	Gathering routes
22/06/2021 10:41:34	Gathering ddl triggers
22/06/2021 10:41:34	Gathering encrypted and clr ddl triggers
22/06/2021 10:41:34	Gathering event notifications
22/06/2021 10:41:34	Gathering server audits
22/06/2021 10:41:34	Gathering server audit specifications
22/06/2021 10:41:34	Gathering event notifications
22/06/2021 10:41:40	Gathering database credentials
22/06/2021 10:41:40	Gathering database options
22/06/2021 10:41:40	Gathering users
22/06/2021 10:41:40	Gathering roles
22/06/2021 10:41:40	Gathering application roles
22/06/2021 10:41:40	Gathering role memberships
22/06/2021 10:41:40	Gathering filegroups
22/06/2021 10:41:40	Gathering files
22/06/2021 10:41:40	Gathering full-text catalogs
22/06/2021 10:41:40	Gathering assemblies
22/06/2021 10:41:40	Gathering certificates
22/06/2021 10:41:40	Gathering asymmetric keys
22/06/2021 10:41:40	Gathering symmetric keys
22/06/2021 10:41:40	Gathering encrypted symmetric keys
22/06/2021 10:41:40	Gathering database encryption keys
22/06/2021 10:41:40	Gathering schemas
22/06/2021 10:41:40	Gathering XML schema collections
22/06/2021 10:41:40	Gathering user-defined data types
22/06/2021 10:41:40	Gathering user-defined types
22/06/2021 10:41:40	Gathering table types
22/06/2021 10:41:40	Gathering unique keys for table types
22/06/2021 10:41:40	Gathering primary keys for table types
22/06/2021 10:41:40	Gathering indexes for table types
22/06/2021 10:41:41	Gathering check constraints for table types
22/06/2021 10:41:41	Gathering default constraints for table types
22/06/2021 10:41:41	Gathering partition functions
22/06/2021 10:41:41	Gathering partition schemes
22/06/2021 10:41:41	Gathering functions
22/06/2021 10:41:41	Gathering encrypted functions
22/06/2021 10:41:41	Gathering aggregates
22/06/2021 10:41:41	Gathering procedures
22/06/2021 10:41:41	Gathering encrypted procedures
22/06/2021 10:41:41	Gathering tables
22/06/2021 10:41:41	Gathering primary keys
22/06/2021 10:41:41	Gathering unique constraints
22/06/2021 10:41:41	Gathering foreign keys
22/06/2021 10:41:41	Gathering default constraints
22/06/2021 10:41:41	Gathering check constraints
22/06/2021 10:41:41	Gathering views
22/06/2021 10:41:41	Gathering encrypted views
22/06/2021 10:41:41	Gathering indexes
22/06/2021 10:41:41	Gathering statistics
22/06/2021 10:41:41	Gathering full-text index stoplists
22/06/2021 10:41:41	Gathering search property lists
22/06/2021 10:41:41	Gathering search properties
22/06/2021 10:41:41	Gathering full-text indexes
22/06/2021 10:41:41	Gathering column store indexes
22/06/2021 10:41:41	Gathering spatial indexes
22/06/2021 10:41:41	Gathering XML indexes
22/06/2021 10:41:41	Gathering Selective XML indexes
22/06/2021 10:41:41	Gathering encrypted triggers
22/06/2021 10:41:41	Gathering triggers
22/06/2021 10:41:41	Gathering encrypted and clr ddl triggers
22/06/2021 10:41:41	Gathering ddl triggers
22/06/2021 10:41:41	Gathering synonyms
22/06/2021 10:41:41	Gathering defaults
22/06/2021 10:41:41	Gathering data constraint uddt bindings
22/06/2021 10:41:41	Gathering rules
22/06/2021 10:41:41	Gathering data constraint uddt bindings
22/06/2021 10:41:41	Gathering message types
22/06/2021 10:41:41	Gathering queues
22/06/2021 10:41:41	Gathering contracts
22/06/2021 10:41:41	Gathering services
22/06/2021 10:41:41	Gathering routes
22/06/2021 10:41:41	Gathering event notifications
22/06/2021 10:41:41	Gathering remote service bindings
22/06/2021 10:41:41	Gathering broker priorities
22/06/2021 10:41:41	Gathering database audit specifications
22/06/2021 10:41:41	Gathering signatures
22/06/2021 10:41:41	Gathering data compression options
22/06/2021 10:41:41	Gathering sequence types
22/06/2021 10:41:41	Gathering security policies
22/06/2021 10:41:41	Gather column encryption keys
22/06/2021 10:41:41	Gathering column master keys
22/06/2021 10:41:41	Gathering external data sources
22/06/2021 10:41:41	Gathering external file formats
22/06/2021 10:41:41	Gathering external tables
22/06/2021 10:41:41	Gathering extended properties
22/06/2021 10:41:42	Scanning project for duplicate elements
22/06/2021 10:41:42	Finished duplicate element processing
22/06/2021 10:41:43	Finished importing database.
22/06/2021 10:41:44	A summary of the import was saved to the following location: C:\Users\Carlos\source\repos\ControleTarefas\ControleTarefasDB\Import Schema Logs\ControleTarefasDB_20210622014131.log
22/06/2021 10:41:44	Click Finish to continue...
